<?xml version="1.0" encoding="UTF-8"?>
<!-- Generated by org.testng.reporters.JUnitReportReporter -->
<testsuite hostname="QT-INBG-LT0414" failures="0" tests="5" name="page.sign_inn" time="33.738" errors="0" timestamp="2022-09-19T16:46:35 IST" skipped="0">
  <testcase classname="page.sign_inn" name="login" time="5.834"/>
  <system-out/>
  <testcase classname="page.sign_inn" name="login" time="8.022"/>
  <system-out/>
  <testcase classname="page.sign_inn" name="login" time="5.884"/>
  <system-out/>
  <testcase classname="page.sign_inn" name="login" time="7.759"/>
  <system-out/>
  <testcase classname="page.sign_inn" name="login" time="6.239"/>
  <system-out/>
</testsuite> <!-- page.sign_inn -->
