<?xml version="1.0" encoding="UTF-8"?>
<!-- Generated by org.testng.reporters.JUnitReportReporter -->
<testsuite hostname="QT-INBG-LT0414" failures="0" tests="5" name="page.Sign_in" time="33.036" errors="0" timestamp="2022-09-19T16:46:35 IST" skipped="0">
  <testcase classname="page.Sign_in" name="signin" time="8.358"/>
  <system-out/>
  <testcase classname="page.Sign_in" name="signin" time="5.278"/>
  <system-out/>
  <testcase classname="page.Sign_in" name="signin" time="6.572"/>
  <system-out/>
  <testcase classname="page.Sign_in" name="signin" time="6.416"/>
  <system-out/>
  <testcase classname="page.Sign_in" name="signin" time="6.412"/>
  <system-out/>
</testsuite> <!-- page.Sign_in -->
